21-Oct-2025 13:46:01.613 INFO [main] org.apache.catalina.startup.VersionLoggerListener.log Server version name:   Apache Tomcat/10.1.48
21-Oct-2025 13:46:01.625 INFO [main] org.apache.catalina.startup.VersionLoggerListener.log Server built:          Oct 10 2025 14:33:56 UTC
21-Oct-2025 13:46:01.627 INFO [main] org.apache.catalina.startup.VersionLoggerListener.log Server version number: 10.1.48.0
21-Oct-2025 13:46:01.628 INFO [main] org.apache.catalina.startup.VersionLoggerListener.log OS Name:               Windows 11
21-Oct-2025 13:46:01.628 INFO [main] org.apache.catalina.startup.VersionLoggerListener.log OS Version:            10.0
21-Oct-2025 13:46:01.628 INFO [main] org.apache.catalina.startup.VersionLoggerListener.log Architecture:          amd64
21-Oct-2025 13:46:01.629 INFO [main] org.apache.catalina.startup.VersionLoggerListener.log Java Home:             C:\Program Files\Java\jdk-23
21-Oct-2025 13:46:01.629 INFO [main] org.apache.catalina.startup.VersionLoggerListener.log JVM Version:           23.0.2+7-58
21-Oct-2025 13:46:01.630 INFO [main] org.apache.catalina.startup.VersionLoggerListener.log JVM Vendor:            Oracle Corporation
21-Oct-2025 13:46:01.631 INFO [main] org.apache.catalina.startup.VersionLoggerListener.log CATALINA_BASE:         C:\App_helpdesk\apache-tomcat-10.1.48
21-Oct-2025 13:46:01.632 INFO [main] org.apache.catalina.startup.VersionLoggerListener.log CATALINA_HOME:         C:\App_helpdesk\apache-tomcat-10.1.48
21-Oct-2025 13:46:01.664 INFO [main] org.apache.catalina.startup.VersionLoggerListener.log Command line argument: -Djava.util.logging.config.file=C:\App_helpdesk\apache-tomcat-10.1.48\conf\logging.properties
21-Oct-2025 13:46:01.664 INFO [main] org.apache.catalina.startup.VersionLoggerListener.log Command line argument: -Djava.util.logging.manager=org.apache.juli.ClassLoaderLogManager
21-Oct-2025 13:46:01.664 INFO [main] org.apache.catalina.startup.VersionLoggerListener.log Command line argument: -Djdk.tls.ephemeralDHKeySize=2048
21-Oct-2025 13:46:01.665 INFO [main] org.apache.catalina.startup.VersionLoggerListener.log Command line argument: -Djava.protocol.handler.pkgs=org.apache.catalina.webresources
21-Oct-2025 13:46:01.665 INFO [main] org.apache.catalina.startup.VersionLoggerListener.log Command line argument: -Dsun.io.useCanonCaches=false
21-Oct-2025 13:46:01.666 INFO [main] org.apache.catalina.startup.VersionLoggerListener.log Command line argument: --add-opens=java.base/java.lang=ALL-UNNAMED
21-Oct-2025 13:46:01.667 INFO [main] org.apache.catalina.startup.VersionLoggerListener.log Command line argument: --add-opens=java.base/java.lang.reflect=ALL-UNNAMED
21-Oct-2025 13:46:01.668 INFO [main] org.apache.catalina.startup.VersionLoggerListener.log Command line argument: --add-opens=java.base/java.io=ALL-UNNAMED
21-Oct-2025 13:46:01.669 INFO [main] org.apache.catalina.startup.VersionLoggerListener.log Command line argument: --add-opens=java.base/java.util=ALL-UNNAMED
21-Oct-2025 13:46:01.670 INFO [main] org.apache.catalina.startup.VersionLoggerListener.log Command line argument: --add-opens=java.base/java.util.concurrent=ALL-UNNAMED
21-Oct-2025 13:46:01.671 INFO [main] org.apache.catalina.startup.VersionLoggerListener.log Command line argument: --add-opens=java.rmi/sun.rmi.transport=ALL-UNNAMED
21-Oct-2025 13:46:01.671 INFO [main] org.apache.catalina.startup.VersionLoggerListener.log Command line argument: -Dcatalina.base=C:\App_helpdesk\apache-tomcat-10.1.48
21-Oct-2025 13:46:01.671 INFO [main] org.apache.catalina.startup.VersionLoggerListener.log Command line argument: -Dcatalina.home=C:\App_helpdesk\apache-tomcat-10.1.48
21-Oct-2025 13:46:01.672 INFO [main] org.apache.catalina.startup.VersionLoggerListener.log Command line argument: -Djava.io.tmpdir=C:\App_helpdesk\apache-tomcat-10.1.48\temp
21-Oct-2025 13:46:01.689 INFO [main] org.apache.catalina.core.AprLifecycleListener.lifecycleEvent Loaded Apache Tomcat Native library [2.0.9] using APR version [1.7.6].
21-Oct-2025 13:46:01.754 INFO [main] org.apache.catalina.core.AprLifecycleListener.initializeSSL OpenSSL successfully initialized [OpenSSL 3.5.0 8 Apr 2025]
21-Oct-2025 13:46:02.571 INFO [main] org.apache.coyote.AbstractProtocol.init Initializing ProtocolHandler ["http-nio-8080"]
21-Oct-2025 13:46:02.632 SEVERE [main] org.apache.catalina.util.LifecycleBase.handleSubClassException Failed to initialize component [Connector["http-nio-8080"]]
	org.apache.catalina.LifecycleException: Protocol handler initialization failed
		at org.apache.catalina.connector.Connector.initInternal(Connector.java:1073)
		at org.apache.catalina.util.LifecycleBase.init(LifecycleBase.java:122)
		at org.apache.catalina.core.StandardService.initInternal(StandardService.java:520)
		at org.apache.catalina.util.LifecycleBase.init(LifecycleBase.java:122)
		at org.apache.catalina.core.StandardServer.initInternal(StandardServer.java:955)
		at org.apache.catalina.util.LifecycleBase.init(LifecycleBase.java:122)
		at org.apache.catalina.startup.Catalina.load(Catalina.java:709)
		at org.apache.catalina.startup.Catalina.load(Catalina.java:732)
		at java.base/jdk.internal.reflect.DirectMethodHandleAccessor.invoke(DirectMethodHandleAccessor.java:103)
		at java.base/java.lang.reflect.Method.invoke(Method.java:580)
		at org.apache.catalina.startup.Bootstrap.load(Bootstrap.java:299)
		at org.apache.catalina.startup.Bootstrap.main(Bootstrap.java:472)
	Caused by: java.net.BindException: Address already in use: bind
		at java.base/sun.nio.ch.Net.bind0(Native Method)
		at java.base/sun.nio.ch.Net.bind(Net.java:565)
		at java.base/sun.nio.ch.ServerSocketChannelImpl.netBind(ServerSocketChannelImpl.java:344)
		at java.base/sun.nio.ch.ServerSocketChannelImpl.bind(ServerSocketChannelImpl.java:301)
		at org.apache.tomcat.util.net.NioEndpoint.initServerSocket(NioEndpoint.java:264)
		at org.apache.tomcat.util.net.NioEndpoint.bind(NioEndpoint.java:219)
		at org.apache.tomcat.util.net.AbstractEndpoint.bindWithCleanup(AbstractEndpoint.java:1398)
		at org.apache.tomcat.util.net.AbstractEndpoint.init(AbstractEndpoint.java:1411)
		at org.apache.coyote.AbstractProtocol.init(AbstractProtocol.java:633)
		at org.apache.coyote.http11.AbstractHttp11Protocol.init(AbstractHttp11Protocol.java:82)
		at org.apache.catalina.connector.Connector.initInternal(Connector.java:1071)
		... 11 more
21-Oct-2025 13:46:02.634 INFO [main] org.apache.catalina.startup.Catalina.load Server initialization in [1579] milliseconds
21-Oct-2025 13:46:02.727 INFO [main] org.apache.catalina.core.StandardService.startInternal Starting service [Catalina]
21-Oct-2025 13:46:02.727 INFO [main] org.apache.catalina.core.StandardEngine.startInternal Starting Servlet engine: [Apache Tomcat/10.1.48]
21-Oct-2025 13:46:02.749 INFO [main] org.apache.catalina.startup.HostConfig.deployDirectory Deploying web application directory [C:\App_helpdesk\apache-tomcat-10.1.48\webapps\docs]
21-Oct-2025 13:46:03.385 INFO [main] org.apache.catalina.startup.HostConfig.deployDirectory Deployment of web application directory [C:\App_helpdesk\apache-tomcat-10.1.48\webapps\docs] has finished in [630] ms
21-Oct-2025 13:46:03.386 INFO [main] org.apache.catalina.startup.HostConfig.deployDirectory Deploying web application directory [C:\App_helpdesk\apache-tomcat-10.1.48\webapps\examples]
21-Oct-2025 13:46:04.067 INFO [main] org.apache.catalina.startup.HostConfig.deployDirectory Deployment of web application directory [C:\App_helpdesk\apache-tomcat-10.1.48\webapps\examples] has finished in [682] ms
21-Oct-2025 13:46:04.068 INFO [main] org.apache.catalina.startup.HostConfig.deployDirectory Deploying web application directory [C:\App_helpdesk\apache-tomcat-10.1.48\webapps\host-manager]
21-Oct-2025 13:46:04.137 INFO [main] org.apache.catalina.startup.HostConfig.deployDirectory Deployment of web application directory [C:\App_helpdesk\apache-tomcat-10.1.48\webapps\host-manager] has finished in [69] ms
21-Oct-2025 13:46:04.138 INFO [main] org.apache.catalina.startup.HostConfig.deployDirectory Deploying web application directory [C:\App_helpdesk\apache-tomcat-10.1.48\webapps\manager]
21-Oct-2025 13:46:04.186 INFO [main] org.apache.catalina.startup.HostConfig.deployDirectory Deployment of web application directory [C:\App_helpdesk\apache-tomcat-10.1.48\webapps\manager] has finished in [48] ms
21-Oct-2025 13:46:04.186 INFO [main] org.apache.catalina.startup.HostConfig.deployDirectory Deploying web application directory [C:\App_helpdesk\apache-tomcat-10.1.48\webapps\ROOT]
21-Oct-2025 13:46:04.216 INFO [main] org.apache.catalina.startup.HostConfig.deployDirectory Deployment of web application directory [C:\App_helpdesk\apache-tomcat-10.1.48\webapps\ROOT] has finished in [30] ms
21-Oct-2025 13:46:04.227 INFO [main] org.apache.catalina.startup.Catalina.start Server startup in [1588] milliseconds
